e:\编程代码\编程代码\vs三阶段网络\网络协议\3_01_im_server\3_01_im_server\x64\debug\vc143.pdb
e:\编程代码\编程代码\vs三阶段网络\网络协议\3_01_im_server\3_01_im_server\x64\debug\vc143.idb
e:\编程代码\编程代码\vs三阶段网络\网络协议\3_01_im_server\3_01_im_server\x64\debug\源.obj
e:\编程代码\编程代码\vs三阶段网络\网络协议\3_01_im_server\3_01_im_server\x64\debug\udp.obj
e:\编程代码\编程代码\vs三阶段网络\网络协议\3_01_im_server\3_01_im_server\x64\debug\tcpserver.obj
e:\编程代码\编程代码\vs三阶段网络\网络协议\3_01_im_server\3_01_im_server\x64\debug\tcpclient.obj
e:\编程代码\编程代码\vs三阶段网络\网络协议\3_01_im_server\3_01_im_server\x64\debug\udpmediator.obj
e:\编程代码\编程代码\vs三阶段网络\网络协议\3_01_im_server\3_01_im_server\x64\debug\tcpservermediator.obj
e:\编程代码\编程代码\vs三阶段网络\网络协议\3_01_im_server\3_01_im_server\x64\debug\tcpclientmediator.obj
e:\编程代码\编程代码\vs三阶段网络\网络协议\3_01_im_server\x64\debug\3_01_im_server.pdb
e:\编程代码\编程代码\vs三阶段网络\网络协议\3_01_im_server\3_01_im_server\x64\debug\3_01_im_server.tlog\cl.command.1.tlog
e:\编程代码\编程代码\vs三阶段网络\网络协议\3_01_im_server\3_01_im_server\x64\debug\3_01_im_server.tlog\cl.read.1.tlog
e:\编程代码\编程代码\vs三阶段网络\网络协议\3_01_im_server\3_01_im_server\x64\debug\3_01_im_server.tlog\cl.write.1.tlog
e:\编程代码\编程代码\vs三阶段网络\网络协议\3_01_im_server\3_01_im_server\x64\debug\3_01_im_server.tlog\link-cvtres.read.1.tlog
e:\编程代码\编程代码\vs三阶段网络\网络协议\3_01_im_server\3_01_im_server\x64\debug\3_01_im_server.tlog\link-cvtres.write.1.tlog
e:\编程代码\编程代码\vs三阶段网络\网络协议\3_01_im_server\3_01_im_server\x64\debug\3_01_im_server.tlog\link-rc.read.1.tlog
e:\编程代码\编程代码\vs三阶段网络\网络协议\3_01_im_server\3_01_im_server\x64\debug\3_01_im_server.tlog\link-rc.write.1.tlog
e:\编程代码\编程代码\vs三阶段网络\网络协议\3_01_im_server\3_01_im_server\x64\debug\3_01_im_server.tlog\link.command.1.tlog
e:\编程代码\编程代码\vs三阶段网络\网络协议\3_01_im_server\3_01_im_server\x64\debug\3_01_im_server.tlog\link.read.1.tlog
e:\编程代码\编程代码\vs三阶段网络\网络协议\3_01_im_server\3_01_im_server\x64\debug\3_01_im_server.tlog\link.read.2.tlog
e:\编程代码\编程代码\vs三阶段网络\网络协议\3_01_im_server\3_01_im_server\x64\debug\3_01_im_server.tlog\link.write.1.tlog
